<?xml version="1.0" encoding="UTF-8"?>
<!-- Generated by org.testng.reporters.JUnitXMLReporter -->
<testsuite ignored="0" hostname="DESKTOP-4IDQO9O" failures="0" tests="8" name="chromeTest" time="152.066" errors="0" timestamp="2025-08-21T17:46:21 IST">
  <testcase classname="Testcases.TC_001_AccountRegistrationTest" name="Account_registraion_page" time="9.468"/>
  <testcase classname="Testcases.TC_003_LoginDataDrivenTesting" name="verify_loginDDT" time="13.475"/>
  <testcase classname="Testcases.TC_003_LoginDataDrivenTesting" name="verify_loginDDT" time="6.791"/>
  <testcase classname="Testcases.TC_003_LoginDataDrivenTesting" name="verify_loginDDT" time="24.998"/>
  <testcase classname="Testcases.TC_003_LoginDataDrivenTesting" name="verify_loginDDT" time="26.098"/>
  <testcase classname="Testcases.TC_003_LoginDataDrivenTesting" name="verify_loginDDT" time="26.532"/>
  <testcase classname="Testcases.TC_002_LoginTest" name="verify_Login" time="5.07"/>
  <testcase classname="Testcases.TC_004_SearchTest" name="verify_SearchProuct" time="5.242"/>
</testsuite> <!-- chromeTest -->
