<?xml version="1.0" encoding="UTF-8"?>
<!-- Generated by org.testng.reporters.JUnitXMLReporter -->
<testsuite ignored="0" hostname="DESKTOP-4IDQO9O" failures="0" tests="3" name="edgeTest" time="46.206" errors="0" timestamp="2025-08-21T18:01:55 IST">
  <testcase classname="Testcases.TC_001_AccountRegistrationTest" name="Account_registraion_page" time="5.562"/>
  <testcase classname="Testcases.TC_003_LoginDataDrivenTesting" name="verify_loginDDT" time="3.946"/>
  <testcase classname="Testcases.TC_003_LoginDataDrivenTesting" name="verify_loginDDT" time="23.112"/>
</testsuite> <!-- edgeTest -->
