<?xml version="1.0" encoding="UTF-8"?>
<!-- Generated by org.testng.reporters.JUnitXMLReporter -->
<testsuite ignored="0" hostname="DESKTOP-4IDQO9O" failures="1" tests="7" name="edgeTest" time="39.994" errors="0" timestamp="2025-08-14T14:11:37 IST">
  <testcase classname="Testcases.TC_001_AccountRegistrationTest" name="Account_registraion_page" time="4.983">
    <failure type="java.lang.NoClassDefFoundError" message="org/junit/Assert">
      <![CDATA[java.lang.NoClassDefFoundError: org/junit/Assert
at Testcases.TC_001_AccountRegistrationTest.Account_registraion_page(TC_001_AccountRegistrationTest.java:58)
at java.base/java.util.ArrayList.forEach(ArrayList.java:1596)
at java.base/java.util.concurrent.FutureTask.run(FutureTask.java:317)
at java.base/java.util.concurrent.ThreadPoolExecutor.runWorker(ThreadPoolExecutor.java:1144)
at java.base/java.util.concurrent.ThreadPoolExecutor$Worker.run(ThreadPoolExecutor.java:642)
at java.base/java.lang.Thread.run(Thread.java:1583)
Caused by: java.lang.ClassNotFoundException: org.junit.Assert
... 21 more
... Removed 15 stack frames]]>
    </failure>
  </testcase> <!-- Account_registraion_page -->
  <testcase classname="Testcases.TC_003_LoginDataDrivenTesting" name="verify_loginDDT" time="3.878"/>
  <testcase classname="Testcases.TC_003_LoginDataDrivenTesting" name="verify_loginDDT" time="3.656"/>
  <testcase classname="Testcases.TC_003_LoginDataDrivenTesting" name="verify_loginDDT" time="2.433"/>
  <testcase classname="Testcases.TC_003_LoginDataDrivenTesting" name="verify_loginDDT" time="1.841"/>
  <testcase classname="Testcases.TC_003_LoginDataDrivenTesting" name="verify_loginDDT" time="2.4"/>
  <testcase classname="Testcases.TC_002_LoginTest" name="verify_Login" time="2.847"/>
</testsuite> <!-- edgeTest -->
