<?xml version="1.0" encoding="UTF-8"?>
<!-- Generated by org.testng.reporters.JUnitXMLReporter -->
<testsuite ignored="0" hostname="DESKTOP-4IDQO9O" failures="0" tests="8" name="firefoxTest" time="127.727" errors="0" timestamp="2025-08-21T18:04:03 IST">
  <testcase classname="Testcases.TC_001_AccountRegistrationTest" name="Account_registraion_page" time="4.037"/>
  <testcase classname="Testcases.TC_003_LoginDataDrivenTesting" name="verify_loginDDT" time="4.314"/>
  <testcase classname="Testcases.TC_003_LoginDataDrivenTesting" name="verify_loginDDT" time="22.921"/>
  <testcase classname="Testcases.TC_003_LoginDataDrivenTesting" name="verify_loginDDT" time="22.427"/>
  <testcase classname="Testcases.TC_003_LoginDataDrivenTesting" name="verify_loginDDT" time="21.54"/>
  <testcase classname="Testcases.TC_003_LoginDataDrivenTesting" name="verify_loginDDT" time="3.173"/>
  <testcase classname="Testcases.TC_002_LoginTest" name="verify_Login" time="3.223"/>
  <testcase classname="Testcases.TC_004_SearchTest" name="verify_SearchProuct" time="3.512"/>
</testsuite> <!-- firefoxTest -->
