<?xml version="1.0" encoding="UTF-8"?>
<!-- Generated by org.testng.reporters.JUnitXMLReporter -->
<testsuite ignored="0" hostname="DESKTOP-4IDQO9O" failures="0" tests="2" name="firefoxTest" time="0.111" errors="0" timestamp="2025-08-21T10:24:31 IST">
  <testcase classname="Testcases.TC_002_LoginTest" name="verify_Login" time="0.0">
    <skipped/>
  </testcase> <!-- verify_Login -->
  <testcase classname="Testcases.TC_001_AccountRegistrationTest" name="Account_registraion_page" time="0.0">
    <skipped/>
  </testcase> <!-- Account_registraion_page -->
</testsuite> <!-- firefoxTest -->
