<?xml version="1.0" encoding="UTF-8"?>
<!-- Generated by org.testng.reporters.JUnitXMLReporter -->
<testsuite ignored="0" hostname="DESKTOP-4IDQO9O" failures="1" tests="1" name="Test" time="9.099" errors="0" timestamp="2025-08-14T15:10:17 IST">
  <testcase classname="Testcases.TC_001_AccountRegistrationTest" name="Account_registraion_page" time="3.566">
    <failure type="java.lang.NoClassDefFoundError" message="org/junit/Assert">
      <![CDATA[java.lang.NoClassDefFoundError: org/junit/Assert
at Testcases.TC_001_AccountRegistrationTest.Account_registraion_page(TC_001_AccountRegistrationTest.java:58)
at java.base/java.util.ArrayList.forEach(ArrayList.java:1596)
Caused by: java.lang.ClassNotFoundException: org.junit.Assert
at java.base/jdk.internal.loader.BuiltinClassLoader.loadClass(BuiltinClassLoader.java:641)
at java.base/jdk.internal.loader.ClassLoaders$AppClassLoader.loadClass(ClassLoaders.java:188)
at java.base/java.lang.ClassLoader.loadClass(ClassLoader.java:526)
... 31 more
... Removed 29 stack frames]]>
    </failure>
  </testcase> <!-- Account_registraion_page -->
</testsuite> <!-- Test -->
