<?xml version="1.0" encoding="UTF-8"?>
<!-- Generated by org.testng.reporters.JUnitXMLReporter -->
<testsuite ignored="0" hostname="DESKTOP-4IDQO9O" failures="1" tests="2" name="Test" time="18.244" errors="0" timestamp="2025-08-20T14:33:25 IST">
  <testcase classname="Testcases.TC_001_AccountRegistrationTest" name="Account_registraion_page" time="4.653">
    <failure type="java.lang.NoClassDefFoundError" message="org/junit/Assert">
      <![CDATA[java.lang.NoClassDefFoundError: org/junit/Assert
at Testcases.TC_001_AccountRegistrationTest.Account_registraion_page(TC_001_AccountRegistrationTest.java:59)
at java.base/java.util.ArrayList.forEach(ArrayList.java:1596)
Caused by: java.lang.ClassNotFoundException: org.junit.Assert
at java.base/jdk.internal.loader.BuiltinClassLoader.loadClass(BuiltinClassLoader.java:641)
at java.base/jdk.internal.loader.ClassLoaders$AppClassLoader.loadClass(ClassLoaders.java:188)
at java.base/java.lang.ClassLoader.loadClass(ClassLoader.java:526)
... 31 more
... Removed 29 stack frames]]>
    </failure>
  </testcase> <!-- Account_registraion_page -->
  <testcase classname="Testcases.TC_002_LoginTest" name="verify_Login" time="3.185"/>
</testsuite> <!-- Test -->
