<?xml version="1.0" encoding="UTF-8"?>
<testng-results ignored="0" total="8" passed="8" failed="0" skipped="0">
  <reporter-output>
  </reporter-output>
  <suite started-at="2025-08-21T18:01:55 IST" name="Suite" finished-at="2025-08-21T18:04:02 IST" duration-ms="127727">
    <groups>
      <group name="Master">
        <method signature="TC_001_AccountRegistrationTest.Account_registraion_page()[pri:0, instance:Testcases.TC_001_AccountRegistrationTest@16c63f5]" name="Account_registraion_page" class="Testcases.TC_001_AccountRegistrationTest"/>
        <method signature="TC_002_LoginTest.verify_Login()[pri:0, instance:Testcases.TC_002_LoginTest@4758820d]" name="verify_Login" class="Testcases.TC_002_LoginTest"/>
        <method signature="TC_001_AccountRegistrationTest.Account_registraion_page()[pri:0, instance:Testcases.TC_001_AccountRegistrationTest@37c7595]" name="Account_registraion_page" class="Testcases.TC_001_AccountRegistrationTest"/>
        <method signature="TC_002_LoginTest.verify_Login()[pri:0, instance:Testcases.TC_002_LoginTest@3ed242a4]" name="verify_Login" class="Testcases.TC_002_LoginTest"/>
        <method signature="TC_001_AccountRegistrationTest.Account_registraion_page()[pri:0, instance:Testcases.TC_001_AccountRegistrationTest@2d96543c]" name="Account_registraion_page" class="Testcases.TC_001_AccountRegistrationTest"/>
        <method signature="TC_002_LoginTest.verify_Login()[pri:0, instance:Testcases.TC_002_LoginTest@73a2e526]" name="verify_Login" class="Testcases.TC_002_LoginTest"/>
      </group> <!-- Master -->
      <group name="Sanity">
        <method signature="TC_002_LoginTest.verify_Login()[pri:0, instance:Testcases.TC_002_LoginTest@4758820d]" name="verify_Login" class="Testcases.TC_002_LoginTest"/>
        <method signature="TC_002_LoginTest.verify_Login()[pri:0, instance:Testcases.TC_002_LoginTest@3ed242a4]" name="verify_Login" class="Testcases.TC_002_LoginTest"/>
        <method signature="TC_002_LoginTest.verify_Login()[pri:0, instance:Testcases.TC_002_LoginTest@73a2e526]" name="verify_Login" class="Testcases.TC_002_LoginTest"/>
      </group> <!-- Sanity -->
      <group name="DataDriven">
        <method signature="TC_003_LoginDataDrivenTesting.verify_loginDDT(java.lang.String,java.lang.String,java.lang.String)[pri:0, instance:Testcases.TC_003_LoginDataDrivenTesting@74eb909f]" name="verify_loginDDT" class="Testcases.TC_003_LoginDataDrivenTesting"/>
        <method signature="TC_003_LoginDataDrivenTesting.verify_loginDDT(java.lang.String,java.lang.String,java.lang.String)[pri:0, instance:Testcases.TC_003_LoginDataDrivenTesting@1199fe66]" name="verify_loginDDT" class="Testcases.TC_003_LoginDataDrivenTesting"/>
        <method signature="TC_003_LoginDataDrivenTesting.verify_loginDDT(java.lang.String,java.lang.String,java.lang.String)[pri:0, instance:Testcases.TC_003_LoginDataDrivenTesting@7d64e326]" name="verify_loginDDT" class="Testcases.TC_003_LoginDataDrivenTesting"/>
      </group> <!-- DataDriven -->
      <group name="Regression">
        <method signature="TC_001_AccountRegistrationTest.Account_registraion_page()[pri:0, instance:Testcases.TC_001_AccountRegistrationTest@16c63f5]" name="Account_registraion_page" class="Testcases.TC_001_AccountRegistrationTest"/>
        <method signature="TC_001_AccountRegistrationTest.Account_registraion_page()[pri:0, instance:Testcases.TC_001_AccountRegistrationTest@37c7595]" name="Account_registraion_page" class="Testcases.TC_001_AccountRegistrationTest"/>
        <method signature="TC_001_AccountRegistrationTest.Account_registraion_page()[pri:0, instance:Testcases.TC_001_AccountRegistrationTest@2d96543c]" name="Account_registraion_page" class="Testcases.TC_001_AccountRegistrationTest"/>
      </group> <!-- Regression -->
    </groups>
    <test started-at="2025-08-21T18:01:55 IST" name="firefoxTest" finished-at="2025-08-21T18:04:02 IST" duration-ms="127727">
      <class name="Testcases.TC_002_LoginTest">
        <test-method is-config="true" signature="SetUp(java.lang.String,java.lang.String)[pri:0, instance:Testcases.TC_002_LoginTest@73a2e526]" started-at="2025-08-21T18:03:35 IST" name="SetUp" finished-at="2025-08-21T18:03:44 IST" duration-ms="9267" status="PASS">
          <params>
            <param index="0">
              <value>
                <![CDATA[linux]]>
              </value>
            </param>
            <param index="1">
              <value>
                <![CDATA[firefox]]>
              </value>
            </param>
          </params>
          <reporter-output>
          </reporter-output>
        </test-method> <!-- SetUp -->
        <test-method signature="verify_Login()[pri:0, instance:Testcases.TC_002_LoginTest@73a2e526]" started-at="2025-08-21T18:03:44 IST" name="verify_Login" finished-at="2025-08-21T18:03:48 IST" duration-ms="3223" status="PASS">
          <reporter-output>
          </reporter-output>
        </test-method> <!-- verify_Login -->
        <test-method is-config="true" signature="tearDown()[pri:0, instance:Testcases.TC_002_LoginTest@73a2e526]" started-at="2025-08-21T18:03:48 IST" name="tearDown" finished-at="2025-08-21T18:03:50 IST" duration-ms="2417" status="PASS">
          <reporter-output>
          </reporter-output>
        </test-method> <!-- tearDown -->
      </class> <!-- Testcases.TC_002_LoginTest -->
      <class name="Testcases.TC_003_LoginDataDrivenTesting">
        <test-method is-config="true" signature="SetUp(java.lang.String,java.lang.String)[pri:0, instance:Testcases.TC_003_LoginDataDrivenTesting@7d64e326]" started-at="2025-08-21T18:02:10 IST" name="SetUp" finished-at="2025-08-21T18:02:17 IST" duration-ms="7306" status="PASS">
          <params>
            <param index="0">
              <value>
                <![CDATA[linux]]>
              </value>
            </param>
            <param index="1">
              <value>
                <![CDATA[firefox]]>
              </value>
            </param>
          </params>
          <reporter-output>
          </reporter-output>
        </test-method> <!-- SetUp -->
        <test-method signature="verify_loginDDT(java.lang.String,java.lang.String,java.lang.String)[pri:0, instance:Testcases.TC_003_LoginDataDrivenTesting@7d64e326]" started-at="2025-08-21T18:02:18 IST" name="verify_loginDDT" data-provider="LoginData" finished-at="2025-08-21T18:02:23 IST" duration-ms="4314" status="PASS">
          <params>
            <param index="0">
              <value>
                <![CDATA[vigneshviggy752@gmail.com]]>
              </value>
            </param>
            <param index="1">
              <value>
                <![CDATA[9390254710]]>
              </value>
            </param>
            <param index="2">
              <value>
                <![CDATA[Valid]]>
              </value>
            </param>
          </params>
          <reporter-output>
          </reporter-output>
        </test-method> <!-- verify_loginDDT -->
        <test-method signature="verify_loginDDT(java.lang.String,java.lang.String,java.lang.String)[pri:0, instance:Testcases.TC_003_LoginDataDrivenTesting@7d64e326]" started-at="2025-08-21T18:02:23 IST" name="verify_loginDDT" data-provider="LoginData" finished-at="2025-08-21T18:02:46 IST" duration-ms="22921" status="PASS">
          <params>
            <param index="0">
              <value>
                <![CDATA[vignesh520@gmail.com]]>
              </value>
            </param>
            <param index="1">
              <value>
                <![CDATA[abc@12345]]>
              </value>
            </param>
            <param index="2">
              <value>
                <![CDATA[Invalid]]>
              </value>
            </param>
          </params>
          <reporter-output>
          </reporter-output>
        </test-method> <!-- verify_loginDDT -->
        <test-method signature="verify_loginDDT(java.lang.String,java.lang.String,java.lang.String)[pri:0, instance:Testcases.TC_003_LoginDataDrivenTesting@7d64e326]" started-at="2025-08-21T18:02:46 IST" name="verify_loginDDT" data-provider="LoginData" finished-at="2025-08-21T18:03:08 IST" duration-ms="22427" status="PASS">
          <params>
            <param index="0">
              <value>
                <![CDATA[vigneshummagani21@gmail.com]]>
              </value>
            </param>
            <param index="1">
              <value>
                <![CDATA[xyz@12345]]>
              </value>
            </param>
            <param index="2">
              <value>
                <![CDATA[Invalid]]>
              </value>
            </param>
          </params>
          <reporter-output>
          </reporter-output>
        </test-method> <!-- verify_loginDDT -->
        <test-method signature="verify_loginDDT(java.lang.String,java.lang.String,java.lang.String)[pri:0, instance:Testcases.TC_003_LoginDataDrivenTesting@7d64e326]" started-at="2025-08-21T18:03:08 IST" name="verify_loginDDT" data-provider="LoginData" finished-at="2025-08-21T18:03:30 IST" duration-ms="21540" status="PASS">
          <params>
            <param index="0">
              <value>
                <![CDATA[hari23@gmail.com]]>
              </value>
            </param>
            <param index="1">
              <value>
                <![CDATA[hari@12345]]>
              </value>
            </param>
            <param index="2">
              <value>
                <![CDATA[Invalid]]>
              </value>
            </param>
          </params>
          <reporter-output>
          </reporter-output>
        </test-method> <!-- verify_loginDDT -->
        <test-method signature="verify_loginDDT(java.lang.String,java.lang.String,java.lang.String)[pri:0, instance:Testcases.TC_003_LoginDataDrivenTesting@7d64e326]" started-at="2025-08-21T18:03:30 IST" name="verify_loginDDT" data-provider="LoginData" finished-at="2025-08-21T18:03:33 IST" duration-ms="3173" status="PASS">
          <params>
            <param index="0">
              <value>
                <![CDATA[sunny24@gmail.com]]>
              </value>
            </param>
            <param index="1">
              <value>
                <![CDATA[sunny@12345]]>
              </value>
            </param>
            <param index="2">
              <value>
                <![CDATA[Valid]]>
              </value>
            </param>
          </params>
          <reporter-output>
          </reporter-output>
        </test-method> <!-- verify_loginDDT -->
        <test-method is-config="true" signature="tearDown()[pri:0, instance:Testcases.TC_003_LoginDataDrivenTesting@7d64e326]" started-at="2025-08-21T18:03:33 IST" name="tearDown" finished-at="2025-08-21T18:03:35 IST" duration-ms="2294" status="PASS">
          <reporter-output>
          </reporter-output>
        </test-method> <!-- tearDown -->
      </class> <!-- Testcases.TC_003_LoginDataDrivenTesting -->
      <class name="Testcases.TC_001_AccountRegistrationTest">
        <test-method is-config="true" signature="SetUp(java.lang.String,java.lang.String)[pri:0, instance:Testcases.TC_001_AccountRegistrationTest@2d96543c]" started-at="2025-08-21T18:01:55 IST" name="SetUp" finished-at="2025-08-21T18:02:04 IST" duration-ms="9130" status="PASS">
          <params>
            <param index="0">
              <value>
                <![CDATA[linux]]>
              </value>
            </param>
            <param index="1">
              <value>
                <![CDATA[firefox]]>
              </value>
            </param>
          </params>
          <reporter-output>
          </reporter-output>
        </test-method> <!-- SetUp -->
        <test-method signature="Account_registraion_page()[pri:0, instance:Testcases.TC_001_AccountRegistrationTest@2d96543c]" started-at="2025-08-21T18:02:04 IST" name="Account_registraion_page" finished-at="2025-08-21T18:02:08 IST" duration-ms="4037" status="PASS">
          <reporter-output>
          </reporter-output>
        </test-method> <!-- Account_registraion_page -->
        <test-method is-config="true" signature="tearDown()[pri:0, instance:Testcases.TC_001_AccountRegistrationTest@2d96543c]" started-at="2025-08-21T18:02:08 IST" name="tearDown" finished-at="2025-08-21T18:02:10 IST" duration-ms="2037" status="PASS">
          <reporter-output>
          </reporter-output>
        </test-method> <!-- tearDown -->
      </class> <!-- Testcases.TC_001_AccountRegistrationTest -->
      <class name="Testcases.TC_004_SearchTest">
        <test-method is-config="true" signature="SetUp(java.lang.String,java.lang.String)[pri:0, instance:Testcases.TC_004_SearchTest@13f95696]" started-at="2025-08-21T18:03:50 IST" name="SetUp" finished-at="2025-08-21T18:03:57 IST" duration-ms="7271" status="PASS">
          <params>
            <param index="0">
              <value>
                <![CDATA[linux]]>
              </value>
            </param>
            <param index="1">
              <value>
                <![CDATA[firefox]]>
              </value>
            </param>
          </params>
          <reporter-output>
          </reporter-output>
        </test-method> <!-- SetUp -->
        <test-method signature="verify_SearchProuct()[pri:0, instance:Testcases.TC_004_SearchTest@13f95696]" started-at="2025-08-21T18:03:57 IST" name="verify_SearchProuct" finished-at="2025-08-21T18:04:01 IST" duration-ms="3512" status="PASS">
          <reporter-output>
          </reporter-output>
        </test-method> <!-- verify_SearchProuct -->
        <test-method is-config="true" signature="tearDown()[pri:0, instance:Testcases.TC_004_SearchTest@13f95696]" started-at="2025-08-21T18:04:01 IST" name="tearDown" finished-at="2025-08-21T18:04:02 IST" duration-ms="1560" status="PASS">
          <reporter-output>
          </reporter-output>
        </test-method> <!-- tearDown -->
      </class> <!-- Testcases.TC_004_SearchTest -->
    </test> <!-- firefoxTest -->
  </suite> <!-- Suite -->
</testng-results>
