<?xml version="1.0" encoding="UTF-8"?>
<testng-results ignored="0" total="6" passed="6" failed="0" skipped="0">
  <reporter-output>
  </reporter-output>
  <suite started-at="2025-08-20T16:21:34 IST" name="Suite" finished-at="2025-08-20T16:22:54 IST" duration-ms="79692">
    <groups>
      <group name="Master">
        <method signature="TC_001_AccountRegistrationTest.Account_registraion_page()[pri:0, instance:Testcases.TC_001_AccountRegistrationTest@1d2bd371]" name="Account_registraion_page" class="Testcases.TC_001_AccountRegistrationTest"/>
        <method signature="TC_002_LoginTest.verify_Login()[pri:0, instance:Testcases.TC_002_LoginTest@753432a2]" name="verify_Login" class="Testcases.TC_002_LoginTest"/>
        <method signature="TC_001_AccountRegistrationTest.Account_registraion_page()[pri:0, instance:Testcases.TC_001_AccountRegistrationTest@73173f63]" name="Account_registraion_page" class="Testcases.TC_001_AccountRegistrationTest"/>
        <method signature="TC_002_LoginTest.verify_Login()[pri:0, instance:Testcases.TC_002_LoginTest@35e5d0e5]" name="verify_Login" class="Testcases.TC_002_LoginTest"/>
        <method signature="TC_001_AccountRegistrationTest.Account_registraion_page()[pri:0, instance:Testcases.TC_001_AccountRegistrationTest@7e276594]" name="Account_registraion_page" class="Testcases.TC_001_AccountRegistrationTest"/>
        <method signature="TC_002_LoginTest.verify_Login()[pri:0, instance:Testcases.TC_002_LoginTest@655ef322]" name="verify_Login" class="Testcases.TC_002_LoginTest"/>
      </group> <!-- Master -->
      <group name="Sanity">
        <method signature="TC_002_LoginTest.verify_Login()[pri:0, instance:Testcases.TC_002_LoginTest@753432a2]" name="verify_Login" class="Testcases.TC_002_LoginTest"/>
        <method signature="TC_002_LoginTest.verify_Login()[pri:0, instance:Testcases.TC_002_LoginTest@35e5d0e5]" name="verify_Login" class="Testcases.TC_002_LoginTest"/>
        <method signature="TC_002_LoginTest.verify_Login()[pri:0, instance:Testcases.TC_002_LoginTest@655ef322]" name="verify_Login" class="Testcases.TC_002_LoginTest"/>
      </group> <!-- Sanity -->
      <group name="Regression">
        <method signature="TC_001_AccountRegistrationTest.Account_registraion_page()[pri:0, instance:Testcases.TC_001_AccountRegistrationTest@1d2bd371]" name="Account_registraion_page" class="Testcases.TC_001_AccountRegistrationTest"/>
        <method signature="TC_001_AccountRegistrationTest.Account_registraion_page()[pri:0, instance:Testcases.TC_001_AccountRegistrationTest@73173f63]" name="Account_registraion_page" class="Testcases.TC_001_AccountRegistrationTest"/>
        <method signature="TC_001_AccountRegistrationTest.Account_registraion_page()[pri:0, instance:Testcases.TC_001_AccountRegistrationTest@7e276594]" name="Account_registraion_page" class="Testcases.TC_001_AccountRegistrationTest"/>
      </group> <!-- Regression -->
    </groups>
    <test started-at="2025-08-20T16:21:34 IST" name="chromeTest" finished-at="2025-08-20T16:21:56 IST" duration-ms="21865">
      <class name="Testcases.TC_002_LoginTest">
        <test-method is-config="true" signature="SetUp(java.lang.String,java.lang.String)[pri:0, instance:Testcases.TC_002_LoginTest@753432a2]" started-at="2025-08-20T16:21:35 IST" name="SetUp" finished-at="2025-08-20T16:21:41 IST" duration-ms="6073" status="PASS">
          <params>
            <param index="0">
              <value>
                <![CDATA[linux]]>
              </value>
            </param>
            <param index="1">
              <value>
                <![CDATA[chrome]]>
              </value>
            </param>
          </params>
          <reporter-output>
          </reporter-output>
        </test-method> <!-- SetUp -->
        <test-method signature="verify_Login()[pri:0, instance:Testcases.TC_002_LoginTest@753432a2]" started-at="2025-08-20T16:21:41 IST" name="verify_Login" finished-at="2025-08-20T16:21:47 IST" duration-ms="5059" status="PASS">
          <reporter-output>
          </reporter-output>
        </test-method> <!-- verify_Login -->
        <test-method is-config="true" signature="tearDown()[pri:0, instance:Testcases.TC_002_LoginTest@753432a2]" started-at="2025-08-20T16:21:47 IST" name="tearDown" finished-at="2025-08-20T16:21:47 IST" duration-ms="245" status="PASS">
          <reporter-output>
          </reporter-output>
        </test-method> <!-- tearDown -->
      </class> <!-- Testcases.TC_002_LoginTest -->
      <class name="Testcases.TC_001_AccountRegistrationTest">
        <test-method is-config="true" signature="SetUp(java.lang.String,java.lang.String)[pri:0, instance:Testcases.TC_001_AccountRegistrationTest@1d2bd371]" started-at="2025-08-20T16:21:47 IST" name="SetUp" finished-at="2025-08-20T16:21:50 IST" duration-ms="3153" status="PASS">
          <params>
            <param index="0">
              <value>
                <![CDATA[linux]]>
              </value>
            </param>
            <param index="1">
              <value>
                <![CDATA[chrome]]>
              </value>
            </param>
          </params>
          <reporter-output>
          </reporter-output>
        </test-method> <!-- SetUp -->
        <test-method signature="Account_registraion_page()[pri:0, instance:Testcases.TC_001_AccountRegistrationTest@1d2bd371]" started-at="2025-08-20T16:21:50 IST" name="Account_registraion_page" finished-at="2025-08-20T16:21:56 IST" duration-ms="6272" status="PASS">
          <reporter-output>
          </reporter-output>
        </test-method> <!-- Account_registraion_page -->
        <test-method is-config="true" signature="tearDown()[pri:0, instance:Testcases.TC_001_AccountRegistrationTest@1d2bd371]" started-at="2025-08-20T16:21:56 IST" name="tearDown" finished-at="2025-08-20T16:21:56 IST" duration-ms="105" status="PASS">
          <reporter-output>
          </reporter-output>
        </test-method> <!-- tearDown -->
      </class> <!-- Testcases.TC_001_AccountRegistrationTest -->
    </test> <!-- chromeTest -->
    <test started-at="2025-08-20T16:22:01 IST" name="edgeTest" finished-at="2025-08-20T16:22:23 IST" duration-ms="21900">
      <class name="Testcases.TC_002_LoginTest">
        <test-method is-config="true" signature="SetUp(java.lang.String,java.lang.String)[pri:0, instance:Testcases.TC_002_LoginTest@35e5d0e5]" started-at="2025-08-20T16:22:01 IST" name="SetUp" finished-at="2025-08-20T16:22:08 IST" duration-ms="6186" status="PASS">
          <params>
            <param index="0">
              <value>
                <![CDATA[linux]]>
              </value>
            </param>
            <param index="1">
              <value>
                <![CDATA[edge]]>
              </value>
            </param>
          </params>
          <reporter-output>
          </reporter-output>
        </test-method> <!-- SetUp -->
        <test-method signature="verify_Login()[pri:0, instance:Testcases.TC_002_LoginTest@35e5d0e5]" started-at="2025-08-20T16:22:08 IST" name="verify_Login" finished-at="2025-08-20T16:22:11 IST" duration-ms="3722" status="PASS">
          <reporter-output>
          </reporter-output>
        </test-method> <!-- verify_Login -->
        <test-method is-config="true" signature="tearDown()[pri:0, instance:Testcases.TC_002_LoginTest@35e5d0e5]" started-at="2025-08-20T16:22:11 IST" name="tearDown" finished-at="2025-08-20T16:22:12 IST" duration-ms="181" status="PASS">
          <reporter-output>
          </reporter-output>
        </test-method> <!-- tearDown -->
      </class> <!-- Testcases.TC_002_LoginTest -->
      <class name="Testcases.TC_001_AccountRegistrationTest">
        <test-method is-config="true" signature="SetUp(java.lang.String,java.lang.String)[pri:0, instance:Testcases.TC_001_AccountRegistrationTest@73173f63]" started-at="2025-08-20T16:22:12 IST" name="SetUp" finished-at="2025-08-20T16:22:17 IST" duration-ms="5010" status="PASS">
          <params>
            <param index="0">
              <value>
                <![CDATA[linux]]>
              </value>
            </param>
            <param index="1">
              <value>
                <![CDATA[edge]]>
              </value>
            </param>
          </params>
          <reporter-output>
          </reporter-output>
        </test-method> <!-- SetUp -->
        <test-method signature="Account_registraion_page()[pri:0, instance:Testcases.TC_001_AccountRegistrationTest@73173f63]" started-at="2025-08-20T16:22:17 IST" name="Account_registraion_page" finished-at="2025-08-20T16:22:23 IST" duration-ms="6512" status="PASS">
          <reporter-output>
          </reporter-output>
        </test-method> <!-- Account_registraion_page -->
        <test-method is-config="true" signature="tearDown()[pri:0, instance:Testcases.TC_001_AccountRegistrationTest@73173f63]" started-at="2025-08-20T16:22:23 IST" name="tearDown" finished-at="2025-08-20T16:22:23 IST" duration-ms="272" status="PASS">
          <reporter-output>
          </reporter-output>
        </test-method> <!-- tearDown -->
      </class> <!-- Testcases.TC_001_AccountRegistrationTest -->
    </test> <!-- edgeTest -->
    <test started-at="2025-08-20T16:22:24 IST" name="firefoxTest" finished-at="2025-08-20T16:22:54 IST" duration-ms="29761">
      <class name="Testcases.TC_002_LoginTest">
        <test-method is-config="true" signature="SetUp(java.lang.String,java.lang.String)[pri:0, instance:Testcases.TC_002_LoginTest@655ef322]" started-at="2025-08-20T16:22:24 IST" name="SetUp" finished-at="2025-08-20T16:22:34 IST" duration-ms="9147" status="PASS">
          <params>
            <param index="0">
              <value>
                <![CDATA[linux]]>
              </value>
            </param>
            <param index="1">
              <value>
                <![CDATA[firefox]]>
              </value>
            </param>
          </params>
          <reporter-output>
          </reporter-output>
        </test-method> <!-- SetUp -->
        <test-method signature="verify_Login()[pri:0, instance:Testcases.TC_002_LoginTest@655ef322]" started-at="2025-08-20T16:22:34 IST" name="verify_Login" finished-at="2025-08-20T16:22:37 IST" duration-ms="3170" status="PASS">
          <reporter-output>
          </reporter-output>
        </test-method> <!-- verify_Login -->
        <test-method is-config="true" signature="tearDown()[pri:0, instance:Testcases.TC_002_LoginTest@655ef322]" started-at="2025-08-20T16:22:37 IST" name="tearDown" finished-at="2025-08-20T16:22:38 IST" duration-ms="1700" status="PASS">
          <reporter-output>
          </reporter-output>
        </test-method> <!-- tearDown -->
      </class> <!-- Testcases.TC_002_LoginTest -->
      <class name="Testcases.TC_001_AccountRegistrationTest">
        <test-method is-config="true" signature="SetUp(java.lang.String,java.lang.String)[pri:0, instance:Testcases.TC_001_AccountRegistrationTest@7e276594]" started-at="2025-08-20T16:22:38 IST" name="SetUp" finished-at="2025-08-20T16:22:48 IST" duration-ms="9584" status="PASS">
          <params>
            <param index="0">
              <value>
                <![CDATA[linux]]>
              </value>
            </param>
            <param index="1">
              <value>
                <![CDATA[firefox]]>
              </value>
            </param>
          </params>
          <reporter-output>
          </reporter-output>
        </test-method> <!-- SetUp -->
        <test-method signature="Account_registraion_page()[pri:0, instance:Testcases.TC_001_AccountRegistrationTest@7e276594]" started-at="2025-08-20T16:22:48 IST" name="Account_registraion_page" finished-at="2025-08-20T16:22:52 IST" duration-ms="4464" status="PASS">
          <reporter-output>
          </reporter-output>
        </test-method> <!-- Account_registraion_page -->
        <test-method is-config="true" signature="tearDown()[pri:0, instance:Testcases.TC_001_AccountRegistrationTest@7e276594]" started-at="2025-08-20T16:22:52 IST" name="tearDown" finished-at="2025-08-20T16:22:54 IST" duration-ms="1686" status="PASS">
          <reporter-output>
          </reporter-output>
        </test-method> <!-- tearDown -->
      </class> <!-- Testcases.TC_001_AccountRegistrationTest -->
    </test> <!-- firefoxTest -->
  </suite> <!-- Suite -->
</testng-results>
