<?xml version="1.0" encoding="UTF-8"?>
<testng-results ignored="0" total="1" passed="1" failed="0" skipped="0">
  <reporter-output>
  </reporter-output>
  <suite started-at="2025-08-14T15:08:36 IST" name="Suite" finished-at="2025-08-14T15:08:46 IST" duration-ms="10599">
    <groups>
      <group name="Master">
        <method signature="TC_001_AccountRegistrationTest.Account_registraion_page()[pri:0, instance:Testcases.TC_001_AccountRegistrationTest@2f48b3d2]" name="Account_registraion_page" class="Testcases.TC_001_AccountRegistrationTest"/>
      </group> <!-- Master -->
      <group name="Regression">
        <method signature="TC_001_AccountRegistrationTest.Account_registraion_page()[pri:0, instance:Testcases.TC_001_AccountRegistrationTest@2f48b3d2]" name="Account_registraion_page" class="Testcases.TC_001_AccountRegistrationTest"/>
      </group> <!-- Regression -->
    </groups>
    <test started-at="2025-08-14T15:08:36 IST" name="Test" finished-at="2025-08-14T15:08:46 IST" duration-ms="10599">
      <class name="Testcases.TC_001_AccountRegistrationTest">
        <test-method is-config="true" signature="SetUp(java.lang.String,java.lang.String)[pri:0, instance:Testcases.TC_001_AccountRegistrationTest@2f48b3d2]" started-at="2025-08-14T15:08:36 IST" name="SetUp" finished-at="2025-08-14T15:08:41 IST" duration-ms="5118" status="PASS">
          <params>
            <param index="0">
              <value>
                <![CDATA[linux]]>
              </value>
            </param>
            <param index="1">
              <value>
                <![CDATA[chrome]]>
              </value>
            </param>
          </params>
          <reporter-output>
          </reporter-output>
        </test-method> <!-- SetUp -->
        <test-method signature="Account_registraion_page()[pri:0, instance:Testcases.TC_001_AccountRegistrationTest@2f48b3d2]" started-at="2025-08-14T15:08:41 IST" name="Account_registraion_page" finished-at="2025-08-14T15:08:45 IST" duration-ms="4063" status="PASS">
          <reporter-output>
          </reporter-output>
        </test-method> <!-- Account_registraion_page -->
        <test-method is-config="true" signature="tearDown()[pri:0, instance:Testcases.TC_001_AccountRegistrationTest@2f48b3d2]" started-at="2025-08-14T15:08:45 IST" name="tearDown" finished-at="2025-08-14T15:08:46 IST" duration-ms="848" status="PASS">
          <reporter-output>
          </reporter-output>
        </test-method> <!-- tearDown -->
      </class> <!-- Testcases.TC_001_AccountRegistrationTest -->
    </test> <!-- Test -->
  </suite> <!-- Suite -->
</testng-results>
