<?xml version="1.0" encoding="UTF-8"?>
<!-- Generated by org.testng.reporters.JUnitReportReporter -->
<testsuite hostname="DESKTOP-4IDQO9O" failures="0" tests="2" name="Testcases.TC_004_SearchTest" time="9.673" errors="0" timestamp="2025-08-21T17:50:03 IST" skipped="0">
  <testcase classname="Testcases.TC_004_SearchTest" name="verify_SearchProuct" time="5.242"/>
  <testcase classname="Testcases.TC_004_SearchTest" name="verify_SearchProuct" time="4.431"/>
</testsuite> <!-- Testcases.TC_004_SearchTest -->
