<?xml version="1.0" encoding="UTF-8"?>
<!-- Generated by org.testng.reporters.JUnitReportReporter -->
<testsuite hostname="DESKTOP-4IDQO9O" failures="0" tests="3" name="Testcases.TC_002_LoginTest" time="11.951" errors="0" timestamp="2025-08-20T16:22:56 IST" skipped="0">
  <testcase classname="Testcases.TC_002_LoginTest" name="verify_Login" time="3.722"/>
  <testcase classname="Testcases.TC_002_LoginTest" name="verify_Login" time="5.059"/>
  <testcase classname="Testcases.TC_002_LoginTest" name="verify_Login" time="3.170"/>
</testsuite> <!-- Testcases.TC_002_LoginTest -->
