<?xml version="1.0" encoding="UTF-8"?>
<!-- Generated by org.testng.reporters.JUnitReportReporter -->
<testsuite hostname="DESKTOP-4IDQO9O" failures="0" tests="3" name="Testcases.TC_001_AccountRegistrationTest" time="17.248" errors="0" timestamp="2025-08-20T16:22:55 IST" skipped="0">
  <testcase classname="Testcases.TC_001_AccountRegistrationTest" name="Account_registraion_page" time="6.512"/>
  <testcase classname="Testcases.TC_001_AccountRegistrationTest" name="Account_registraion_page" time="6.272"/>
  <testcase classname="Testcases.TC_001_AccountRegistrationTest" name="Account_registraion_page" time="4.464"/>
</testsuite> <!-- Testcases.TC_001_AccountRegistrationTest -->
