<?xml version="1.0" encoding="UTF-8"?>
<!-- Generated by org.testng.reporters.JUnitReportReporter -->
<testsuite hostname="DESKTOP-4IDQO9O" failures="0" tests="2" name="Testcases.TC_001_AccountRegistrationTest" time="14.984" errors="0" timestamp="2025-08-21T17:50:03 IST" skipped="0">
  <testcase classname="Testcases.TC_001_AccountRegistrationTest" name="Account_registraion_page" time="5.516"/>
  <testcase classname="Testcases.TC_001_AccountRegistrationTest" name="Account_registraion_page" time="9.468"/>
</testsuite> <!-- Testcases.TC_001_AccountRegistrationTest -->
