<?xml version="1.0" encoding="UTF-8"?>
<!-- Generated by org.testng.reporters.JUnitReportReporter -->
<testsuite hostname="DESKTOP-4IDQO9O" failures="0" tests="15" name="Testcases.TC_003_LoginDataDrivenTesting" time="226.257" errors="0" timestamp="2025-08-20T15:55:19 IST" skipped="0">
  <testcase classname="Testcases.TC_003_LoginDataDrivenTesting" name="verify_loginDDT" time="21.857"/>
  <testcase classname="Testcases.TC_003_LoginDataDrivenTesting" name="verify_loginDDT" time="22.376"/>
  <testcase classname="Testcases.TC_003_LoginDataDrivenTesting" name="verify_loginDDT" time="7.947"/>
  <testcase classname="Testcases.TC_003_LoginDataDrivenTesting" name="verify_loginDDT" time="3.427"/>
  <testcase classname="Testcases.TC_003_LoginDataDrivenTesting" name="verify_loginDDT" time="2.893"/>
  <testcase classname="Testcases.TC_003_LoginDataDrivenTesting" name="verify_loginDDT" time="2.099"/>
  <testcase classname="Testcases.TC_003_LoginDataDrivenTesting" name="verify_loginDDT" time="4.467"/>
  <testcase classname="Testcases.TC_003_LoginDataDrivenTesting" name="verify_loginDDT" time="22.724"/>
  <testcase classname="Testcases.TC_003_LoginDataDrivenTesting" name="verify_loginDDT" time="21.745"/>
  <testcase classname="Testcases.TC_003_LoginDataDrivenTesting" name="verify_loginDDT" time="23.093"/>
  <testcase classname="Testcases.TC_003_LoginDataDrivenTesting" name="verify_loginDDT" time="22.420"/>
  <testcase classname="Testcases.TC_003_LoginDataDrivenTesting" name="verify_loginDDT" time="22.363"/>
  <testcase classname="Testcases.TC_003_LoginDataDrivenTesting" name="verify_loginDDT" time="21.574"/>
  <testcase classname="Testcases.TC_003_LoginDataDrivenTesting" name="verify_loginDDT" time="3.859"/>
  <testcase classname="Testcases.TC_003_LoginDataDrivenTesting" name="verify_loginDDT" time="23.413"/>
</testsuite> <!-- Testcases.TC_003_LoginDataDrivenTesting -->
