<?xml version="1.0" encoding="UTF-8"?>
<!-- Generated by org.testng.reporters.JUnitReportReporter -->
<testsuite hostname="DESKTOP-4IDQO9O" failures="0" tests="3" name="Testcases.TC_002_LoginTest" time="8.750" errors="0" timestamp="2025-08-14T14:11:38 IST" skipped="0">
  <testcase classname="Testcases.TC_002_LoginTest" name="verify_Login" time="3.025"/>
  <testcase classname="Testcases.TC_002_LoginTest" name="verify_Login" time="2.847"/>
  <testcase classname="Testcases.TC_002_LoginTest" name="verify_Login" time="2.878"/>
</testsuite> <!-- Testcases.TC_002_LoginTest -->
